CRITICAL - 2024-04-17 02:48:44 --> Error: Call to undefined method CodeIgniter\View\View::extends()
in APPPATH\Views\v_info.php on line 1.
 1 SYSTEMPATH\View\View.php(228): include()
 2 SYSTEMPATH\View\View.php(231): CodeIgniter\View\View->CodeIgniter\View\{closure}()
 3 SYSTEMPATH\Common.php(1178): CodeIgniter\View\View->render('v_info', [], true)
 4 APPPATH\Controllers\CInfo.php(12): view('v_info')
 5 SYSTEMPATH\CodeIgniter.php(941): App\Controllers\CInfo->index()
 6 SYSTEMPATH\CodeIgniter.php(502): CodeIgniter\CodeIgniter->runController(Object(App\Controllers\CInfo))
 7 SYSTEMPATH\CodeIgniter.php(361): CodeIgniter\CodeIgniter->handleRequest(null, Object(Config\Cache), false)
 8 FCPATH\index.php(79): CodeIgniter\CodeIgniter->run()
 9 SYSTEMPATH\Commands\Server\rewrite.php(47): require_once('C:\\Users\\adria\\Downloads\\codeigniter4-framework-v4.4.6-0-g7d393f8\\codeigniter4-framework-7d393f8\\public\\index.php')
CRITICAL - 2024-04-17 02:49:20 --> Error: Call to undefined method CodeIgniter\View\View::extends()
in APPPATH\Views\v_info.php on line 1.
 1 SYSTEMPATH\View\View.php(228): include()
 2 SYSTEMPATH\View\View.php(231): CodeIgniter\View\View->CodeIgniter\View\{closure}()
 3 SYSTEMPATH\Common.php(1178): CodeIgniter\View\View->render('v_info', [], true)
 4 APPPATH\Controllers\CInfo.php(12): view('v_info')
 5 SYSTEMPATH\CodeIgniter.php(941): App\Controllers\CInfo->index()
 6 SYSTEMPATH\CodeIgniter.php(502): CodeIgniter\CodeIgniter->runController(Object(App\Controllers\CInfo))
 7 SYSTEMPATH\CodeIgniter.php(361): CodeIgniter\CodeIgniter->handleRequest(null, Object(Config\Cache), false)
 8 FCPATH\index.php(79): CodeIgniter\CodeIgniter->run()
 9 SYSTEMPATH\Commands\Server\rewrite.php(47): require_once('C:\\Users\\adria\\Downloads\\codeigniter4-framework-v4.4.6-0-g7d393f8\\codeigniter4-framework-7d393f8\\public\\index.php')
CRITICAL - 2024-04-17 02:50:19 --> Error: Call to undefined method CodeIgniter\View\View::extends()
in APPPATH\Views\v_info.php on line 1.
 1 SYSTEMPATH\View\View.php(228): include()
 2 SYSTEMPATH\View\View.php(231): CodeIgniter\View\View->CodeIgniter\View\{closure}()
 3 SYSTEMPATH\Common.php(1178): CodeIgniter\View\View->render('v_info', [], true)
 4 APPPATH\Controllers\CInfo.php(12): view('v_info')
 5 SYSTEMPATH\CodeIgniter.php(941): App\Controllers\CInfo->index()
 6 SYSTEMPATH\CodeIgniter.php(502): CodeIgniter\CodeIgniter->runController(Object(App\Controllers\CInfo))
 7 SYSTEMPATH\CodeIgniter.php(361): CodeIgniter\CodeIgniter->handleRequest(null, Object(Config\Cache), false)
 8 FCPATH\index.php(79): CodeIgniter\CodeIgniter->run()
 9 SYSTEMPATH\Commands\Server\rewrite.php(47): require_once('C:\\Users\\adria\\Downloads\\codeigniter4-framework-v4.4.6-0-g7d393f8\\codeigniter4-framework-7d393f8\\public\\index.php')
