CRITICAL - 2024-03-20 02:55:57 --> CodeIgniter\View\Exceptions\ViewException: Invalid file: "tabel_mhs.php"
in SYSTEMPATH\Exceptions\FrameworkException.php on line 39.
 1 SYSTEMPATH\View\View.php(216): CodeIgniter\Exceptions\FrameworkException::forInvalidFile('tabel_mhs.php')
 2 SYSTEMPATH\Common.php(1178): CodeIgniter\View\View->render('tabel_mhs', [], true)
 3 APPPATH\Controllers\Mahasiswa.php(15): view('tabel_mhs', [...])
 4 SYSTEMPATH\CodeIgniter.php(941): App\Controllers\Mahasiswa->display()
 5 SYSTEMPATH\CodeIgniter.php(502): CodeIgniter\CodeIgniter->runController(Object(App\Controllers\Mahasiswa))
 6 SYSTEMPATH\CodeIgniter.php(361): CodeIgniter\CodeIgniter->handleRequest(null, Object(Config\Cache), false)
 7 FCPATH\index.php(79): CodeIgniter\CodeIgniter->run()
 8 SYSTEMPATH\Commands\Server\rewrite.php(47): require_once('C:\\Users\\adria\\Downloads\\codeigniter4-framework-v4.4.6-0-g7d393f8\\codeigniter4-framework-7d393f8\\public\\index.php')
ERROR - 2024-03-20 03:26:22 --> Error connecting to the database: mysqli_sql_exception: Access denied for user 'root'@'localhost' (using password: YES) in C:\Users\adria\Downloads\codeigniter4-framework-v4.4.6-0-g7d393f8\codeigniter4-framework-7d393f8\system\Database\MySQLi\Connection.php:184
Stack trace:
#0 C:\Users\adria\Downloads\codeigniter4-framework-v4.4.6-0-g7d393f8\codeigniter4-framework-7d393f8\system\Database\MySQLi\Connection.php(184): mysqli->real_connect('localhost', 'root', Object(SensitiveParameterValue), 'ci4', 3306, '', 0)
#1 C:\Users\adria\Downloads\codeigniter4-framework-v4.4.6-0-g7d393f8\codeigniter4-framework-7d393f8\system\Database\BaseConnection.php(392): CodeIgniter\Database\MySQLi\Connection->connect(false)
#2 C:\Users\adria\Downloads\codeigniter4-framework-v4.4.6-0-g7d393f8\codeigniter4-framework-7d393f8\system\Database\BaseConnection.php(575): CodeIgniter\Database\BaseConnection->initialize()
#3 C:\Users\adria\Downloads\codeigniter4-framework-v4.4.6-0-g7d393f8\codeigniter4-framework-7d393f8\system\Database\BaseConnection.php(1410): CodeIgniter\Database\BaseConnection->query('SHOW TABLES FRO...')
#4 C:\Users\adria\Downloads\codeigniter4-framework-v4.4.6-0-g7d393f8\codeigniter4-framework-7d393f8\system\Database\BaseConnection.php(1429): CodeIgniter\Database\BaseConnection->listTables()
#5 C:\Users\adria\Downloads\codeigniter4-framework-v4.4.6-0-g7d393f8\codeigniter4-framework-7d393f8\system\Database\MigrationRunner.php(757): CodeIgniter\Database\BaseConnection->tableExists('migrations')
#6 C:\Users\adria\Downloads\codeigniter4-framework-v4.4.6-0-g7d393f8\codeigniter4-framework-7d393f8\system\Database\MigrationRunner.php(161): CodeIgniter\Database\MigrationRunner->ensureTable()
#7 C:\Users\adria\Downloads\codeigniter4-framework-v4.4.6-0-g7d393f8\codeigniter4-framework-7d393f8\system\Commands\Database\Migrate.php(84): CodeIgniter\Database\MigrationRunner->latest(NULL)
#8 C:\Users\adria\Downloads\codeigniter4-framework-v4.4.6-0-g7d393f8\codeigniter4-framework-7d393f8\system\CLI\Commands.php(65): CodeIgniter\Commands\Database\Migrate->run(Array)
#9 C:\Users\adria\Downloads\codeigniter4-framework-v4.4.6-0-g7d393f8\codeigniter4-framework-7d393f8\system\CLI\Console.php(46): CodeIgniter\CLI\Commands->run('migrate', Array)
#10 C:\Users\adria\Downloads\codeigniter4-framework-v4.4.6-0-g7d393f8\codeigniter4-framework-7d393f8\spark(102): CodeIgniter\CLI\Console->run()
#11 {main}

Next CodeIgniter\Database\Exceptions\DatabaseException: Access denied for user '****'@'localhost' (using password: YES) in C:\Users\adria\Downloads\codeigniter4-framework-v4.4.6-0-g7d393f8\codeigniter4-framework-7d393f8\system\Database\MySQLi\Connection.php:229
Stack trace:
#0 C:\Users\adria\Downloads\codeigniter4-framework-v4.4.6-0-g7d393f8\codeigniter4-framework-7d393f8\system\Database\BaseConnection.php(392): CodeIgniter\Database\MySQLi\Connection->connect(false)
#1 C:\Users\adria\Downloads\codeigniter4-framework-v4.4.6-0-g7d393f8\codeigniter4-framework-7d393f8\system\Database\BaseConnection.php(575): CodeIgniter\Database\BaseConnection->initialize()
#2 C:\Users\adria\Downloads\codeigniter4-framework-v4.4.6-0-g7d393f8\codeigniter4-framework-7d393f8\system\Database\BaseConnection.php(1410): CodeIgniter\Database\BaseConnection->query('SHOW TABLES FRO...')
#3 C:\Users\adria\Downloads\codeigniter4-framework-v4.4.6-0-g7d393f8\codeigniter4-framework-7d393f8\system\Database\BaseConnection.php(1429): CodeIgniter\Database\BaseConnection->listTables()
#4 C:\Users\adria\Downloads\codeigniter4-framework-v4.4.6-0-g7d393f8\codeigniter4-framework-7d393f8\system\Database\MigrationRunner.php(757): CodeIgniter\Database\BaseConnection->tableExists('migrations')
#5 C:\Users\adria\Downloads\codeigniter4-framework-v4.4.6-0-g7d393f8\codeigniter4-framework-7d393f8\system\Database\MigrationRunner.php(161): CodeIgniter\Database\MigrationRunner->ensureTable()
#6 C:\Users\adria\Downloads\codeigniter4-framework-v4.4.6-0-g7d393f8\codeigniter4-framework-7d393f8\system\Commands\Database\Migrate.php(84): CodeIgniter\Database\MigrationRunner->latest(NULL)
#7 C:\Users\adria\Downloads\codeigniter4-framework-v4.4.6-0-g7d393f8\codeigniter4-framework-7d393f8\system\CLI\Commands.php(65): CodeIgniter\Commands\Database\Migrate->run(Array)
#8 C:\Users\adria\Downloads\codeigniter4-framework-v4.4.6-0-g7d393f8\codeigniter4-framework-7d393f8\system\CLI\Console.php(46): CodeIgniter\CLI\Commands->run('migrate', Array)
#9 C:\Users\adria\Downloads\codeigniter4-framework-v4.4.6-0-g7d393f8\codeigniter4-framework-7d393f8\spark(102): CodeIgniter\CLI\Console->run()
#10 {main}
ERROR - 2024-03-20 03:44:10 --> Error connecting to the database: mysqli_sql_exception: Access denied for user 'root'@'localhost' (using password: YES) in C:\Users\adria\Downloads\codeigniter4-framework-v4.4.6-0-g7d393f8\codeigniter4-framework-7d393f8\system\Database\MySQLi\Connection.php:184
Stack trace:
#0 C:\Users\adria\Downloads\codeigniter4-framework-v4.4.6-0-g7d393f8\codeigniter4-framework-7d393f8\system\Database\MySQLi\Connection.php(184): mysqli->real_connect('localhost', 'root', Object(SensitiveParameterValue), 'ci4', 3306, '', 0)
#1 C:\Users\adria\Downloads\codeigniter4-framework-v4.4.6-0-g7d393f8\codeigniter4-framework-7d393f8\system\Database\BaseConnection.php(392): CodeIgniter\Database\MySQLi\Connection->connect(false)
#2 C:\Users\adria\Downloads\codeigniter4-framework-v4.4.6-0-g7d393f8\codeigniter4-framework-7d393f8\system\Database\BaseConnection.php(575): CodeIgniter\Database\BaseConnection->initialize()
#3 C:\Users\adria\Downloads\codeigniter4-framework-v4.4.6-0-g7d393f8\codeigniter4-framework-7d393f8\system\Database\BaseConnection.php(1410): CodeIgniter\Database\BaseConnection->query('SHOW TABLES FRO...')
#4 C:\Users\adria\Downloads\codeigniter4-framework-v4.4.6-0-g7d393f8\codeigniter4-framework-7d393f8\system\Database\BaseConnection.php(1429): CodeIgniter\Database\BaseConnection->listTables()
#5 C:\Users\adria\Downloads\codeigniter4-framework-v4.4.6-0-g7d393f8\codeigniter4-framework-7d393f8\system\Database\MigrationRunner.php(757): CodeIgniter\Database\BaseConnection->tableExists('migrations')
#6 C:\Users\adria\Downloads\codeigniter4-framework-v4.4.6-0-g7d393f8\codeigniter4-framework-7d393f8\system\Database\MigrationRunner.php(161): CodeIgniter\Database\MigrationRunner->ensureTable()
#7 C:\Users\adria\Downloads\codeigniter4-framework-v4.4.6-0-g7d393f8\codeigniter4-framework-7d393f8\system\Commands\Database\Migrate.php(84): CodeIgniter\Database\MigrationRunner->latest(NULL)
#8 C:\Users\adria\Downloads\codeigniter4-framework-v4.4.6-0-g7d393f8\codeigniter4-framework-7d393f8\system\CLI\Commands.php(65): CodeIgniter\Commands\Database\Migrate->run(Array)
#9 C:\Users\adria\Downloads\codeigniter4-framework-v4.4.6-0-g7d393f8\codeigniter4-framework-7d393f8\system\CLI\Console.php(46): CodeIgniter\CLI\Commands->run('migrate', Array)
#10 C:\Users\adria\Downloads\codeigniter4-framework-v4.4.6-0-g7d393f8\codeigniter4-framework-7d393f8\spark(102): CodeIgniter\CLI\Console->run()
#11 {main}

Next CodeIgniter\Database\Exceptions\DatabaseException: Access denied for user '****'@'localhost' (using password: YES) in C:\Users\adria\Downloads\codeigniter4-framework-v4.4.6-0-g7d393f8\codeigniter4-framework-7d393f8\system\Database\MySQLi\Connection.php:229
Stack trace:
#0 C:\Users\adria\Downloads\codeigniter4-framework-v4.4.6-0-g7d393f8\codeigniter4-framework-7d393f8\system\Database\BaseConnection.php(392): CodeIgniter\Database\MySQLi\Connection->connect(false)
#1 C:\Users\adria\Downloads\codeigniter4-framework-v4.4.6-0-g7d393f8\codeigniter4-framework-7d393f8\system\Database\BaseConnection.php(575): CodeIgniter\Database\BaseConnection->initialize()
#2 C:\Users\adria\Downloads\codeigniter4-framework-v4.4.6-0-g7d393f8\codeigniter4-framework-7d393f8\system\Database\BaseConnection.php(1410): CodeIgniter\Database\BaseConnection->query('SHOW TABLES FRO...')
#3 C:\Users\adria\Downloads\codeigniter4-framework-v4.4.6-0-g7d393f8\codeigniter4-framework-7d393f8\system\Database\BaseConnection.php(1429): CodeIgniter\Database\BaseConnection->listTables()
#4 C:\Users\adria\Downloads\codeigniter4-framework-v4.4.6-0-g7d393f8\codeigniter4-framework-7d393f8\system\Database\MigrationRunner.php(757): CodeIgniter\Database\BaseConnection->tableExists('migrations')
#5 C:\Users\adria\Downloads\codeigniter4-framework-v4.4.6-0-g7d393f8\codeigniter4-framework-7d393f8\system\Database\MigrationRunner.php(161): CodeIgniter\Database\MigrationRunner->ensureTable()
#6 C:\Users\adria\Downloads\codeigniter4-framework-v4.4.6-0-g7d393f8\codeigniter4-framework-7d393f8\system\Commands\Database\Migrate.php(84): CodeIgniter\Database\MigrationRunner->latest(NULL)
#7 C:\Users\adria\Downloads\codeigniter4-framework-v4.4.6-0-g7d393f8\codeigniter4-framework-7d393f8\system\CLI\Commands.php(65): CodeIgniter\Commands\Database\Migrate->run(Array)
#8 C:\Users\adria\Downloads\codeigniter4-framework-v4.4.6-0-g7d393f8\codeigniter4-framework-7d393f8\system\CLI\Console.php(46): CodeIgniter\CLI\Commands->run('migrate', Array)
#9 C:\Users\adria\Downloads\codeigniter4-framework-v4.4.6-0-g7d393f8\codeigniter4-framework-7d393f8\spark(102): CodeIgniter\CLI\Console->run()
#10 {main}
ERROR - 2024-03-20 03:46:10 --> Error connecting to the database: mysqli_sql_exception: Access denied for user 'root'@'localhost' (using password: YES) in C:\Users\adria\Downloads\codeigniter4-framework-v4.4.6-0-g7d393f8\codeigniter4-framework-7d393f8\system\Database\MySQLi\Connection.php:184
Stack trace:
#0 C:\Users\adria\Downloads\codeigniter4-framework-v4.4.6-0-g7d393f8\codeigniter4-framework-7d393f8\system\Database\MySQLi\Connection.php(184): mysqli->real_connect('localhost', 'root', Object(SensitiveParameterValue), 'ci4', 3306, '', 0)
#1 C:\Users\adria\Downloads\codeigniter4-framework-v4.4.6-0-g7d393f8\codeigniter4-framework-7d393f8\system\Database\BaseConnection.php(392): CodeIgniter\Database\MySQLi\Connection->connect(false)
#2 C:\Users\adria\Downloads\codeigniter4-framework-v4.4.6-0-g7d393f8\codeigniter4-framework-7d393f8\system\Database\BaseConnection.php(575): CodeIgniter\Database\BaseConnection->initialize()
#3 C:\Users\adria\Downloads\codeigniter4-framework-v4.4.6-0-g7d393f8\codeigniter4-framework-7d393f8\system\Database\BaseConnection.php(1410): CodeIgniter\Database\BaseConnection->query('SHOW TABLES FRO...')
#4 C:\Users\adria\Downloads\codeigniter4-framework-v4.4.6-0-g7d393f8\codeigniter4-framework-7d393f8\system\Database\BaseConnection.php(1429): CodeIgniter\Database\BaseConnection->listTables()
#5 C:\Users\adria\Downloads\codeigniter4-framework-v4.4.6-0-g7d393f8\codeigniter4-framework-7d393f8\system\Database\MigrationRunner.php(757): CodeIgniter\Database\BaseConnection->tableExists('migrations')
#6 C:\Users\adria\Downloads\codeigniter4-framework-v4.4.6-0-g7d393f8\codeigniter4-framework-7d393f8\system\Database\MigrationRunner.php(161): CodeIgniter\Database\MigrationRunner->ensureTable()
#7 C:\Users\adria\Downloads\codeigniter4-framework-v4.4.6-0-g7d393f8\codeigniter4-framework-7d393f8\system\Commands\Database\Migrate.php(84): CodeIgniter\Database\MigrationRunner->latest(NULL)
#8 C:\Users\adria\Downloads\codeigniter4-framework-v4.4.6-0-g7d393f8\codeigniter4-framework-7d393f8\system\CLI\Commands.php(65): CodeIgniter\Commands\Database\Migrate->run(Array)
#9 C:\Users\adria\Downloads\codeigniter4-framework-v4.4.6-0-g7d393f8\codeigniter4-framework-7d393f8\system\CLI\Console.php(46): CodeIgniter\CLI\Commands->run('migrate', Array)
#10 C:\Users\adria\Downloads\codeigniter4-framework-v4.4.6-0-g7d393f8\codeigniter4-framework-7d393f8\spark(102): CodeIgniter\CLI\Console->run()
#11 {main}

Next CodeIgniter\Database\Exceptions\DatabaseException: Access denied for user '****'@'localhost' (using password: YES) in C:\Users\adria\Downloads\codeigniter4-framework-v4.4.6-0-g7d393f8\codeigniter4-framework-7d393f8\system\Database\MySQLi\Connection.php:229
Stack trace:
#0 C:\Users\adria\Downloads\codeigniter4-framework-v4.4.6-0-g7d393f8\codeigniter4-framework-7d393f8\system\Database\BaseConnection.php(392): CodeIgniter\Database\MySQLi\Connection->connect(false)
#1 C:\Users\adria\Downloads\codeigniter4-framework-v4.4.6-0-g7d393f8\codeigniter4-framework-7d393f8\system\Database\BaseConnection.php(575): CodeIgniter\Database\BaseConnection->initialize()
#2 C:\Users\adria\Downloads\codeigniter4-framework-v4.4.6-0-g7d393f8\codeigniter4-framework-7d393f8\system\Database\BaseConnection.php(1410): CodeIgniter\Database\BaseConnection->query('SHOW TABLES FRO...')
#3 C:\Users\adria\Downloads\codeigniter4-framework-v4.4.6-0-g7d393f8\codeigniter4-framework-7d393f8\system\Database\BaseConnection.php(1429): CodeIgniter\Database\BaseConnection->listTables()
#4 C:\Users\adria\Downloads\codeigniter4-framework-v4.4.6-0-g7d393f8\codeigniter4-framework-7d393f8\system\Database\MigrationRunner.php(757): CodeIgniter\Database\BaseConnection->tableExists('migrations')
#5 C:\Users\adria\Downloads\codeigniter4-framework-v4.4.6-0-g7d393f8\codeigniter4-framework-7d393f8\system\Database\MigrationRunner.php(161): CodeIgniter\Database\MigrationRunner->ensureTable()
#6 C:\Users\adria\Downloads\codeigniter4-framework-v4.4.6-0-g7d393f8\codeigniter4-framework-7d393f8\system\Commands\Database\Migrate.php(84): CodeIgniter\Database\MigrationRunner->latest(NULL)
#7 C:\Users\adria\Downloads\codeigniter4-framework-v4.4.6-0-g7d393f8\codeigniter4-framework-7d393f8\system\CLI\Commands.php(65): CodeIgniter\Commands\Database\Migrate->run(Array)
#8 C:\Users\adria\Downloads\codeigniter4-framework-v4.4.6-0-g7d393f8\codeigniter4-framework-7d393f8\system\CLI\Console.php(46): CodeIgniter\CLI\Commands->run('migrate', Array)
#9 C:\Users\adria\Downloads\codeigniter4-framework-v4.4.6-0-g7d393f8\codeigniter4-framework-7d393f8\spark(102): CodeIgniter\CLI\Console->run()
#10 {main}
ERROR - 2024-03-20 03:49:25 --> Error connecting to the database: mysqli_sql_exception: Access denied for user 'root'@'localhost' (using password: YES) in C:\Users\adria\Downloads\codeigniter4-framework-v4.4.6-0-g7d393f8\codeigniter4-framework-7d393f8\system\Database\MySQLi\Connection.php:184
Stack trace:
#0 C:\Users\adria\Downloads\codeigniter4-framework-v4.4.6-0-g7d393f8\codeigniter4-framework-7d393f8\system\Database\MySQLi\Connection.php(184): mysqli->real_connect('localhost', 'root', Object(SensitiveParameterValue), 'ci4', 3306, '', 0)
#1 C:\Users\adria\Downloads\codeigniter4-framework-v4.4.6-0-g7d393f8\codeigniter4-framework-7d393f8\system\Database\BaseConnection.php(392): CodeIgniter\Database\MySQLi\Connection->connect(false)
#2 C:\Users\adria\Downloads\codeigniter4-framework-v4.4.6-0-g7d393f8\codeigniter4-framework-7d393f8\system\Database\BaseConnection.php(575): CodeIgniter\Database\BaseConnection->initialize()
#3 C:\Users\adria\Downloads\codeigniter4-framework-v4.4.6-0-g7d393f8\codeigniter4-framework-7d393f8\system\Database\BaseConnection.php(1410): CodeIgniter\Database\BaseConnection->query('SHOW TABLES FRO...')
#4 C:\Users\adria\Downloads\codeigniter4-framework-v4.4.6-0-g7d393f8\codeigniter4-framework-7d393f8\system\Database\BaseConnection.php(1429): CodeIgniter\Database\BaseConnection->listTables()
#5 C:\Users\adria\Downloads\codeigniter4-framework-v4.4.6-0-g7d393f8\codeigniter4-framework-7d393f8\system\Database\MigrationRunner.php(757): CodeIgniter\Database\BaseConnection->tableExists('migrations')
#6 C:\Users\adria\Downloads\codeigniter4-framework-v4.4.6-0-g7d393f8\codeigniter4-framework-7d393f8\system\Database\MigrationRunner.php(161): CodeIgniter\Database\MigrationRunner->ensureTable()
#7 C:\Users\adria\Downloads\codeigniter4-framework-v4.4.6-0-g7d393f8\codeigniter4-framework-7d393f8\system\Commands\Database\Migrate.php(84): CodeIgniter\Database\MigrationRunner->latest(NULL)
#8 C:\Users\adria\Downloads\codeigniter4-framework-v4.4.6-0-g7d393f8\codeigniter4-framework-7d393f8\system\CLI\Commands.php(65): CodeIgniter\Commands\Database\Migrate->run(Array)
#9 C:\Users\adria\Downloads\codeigniter4-framework-v4.4.6-0-g7d393f8\codeigniter4-framework-7d393f8\system\CLI\Console.php(46): CodeIgniter\CLI\Commands->run('migrate', Array)
#10 C:\Users\adria\Downloads\codeigniter4-framework-v4.4.6-0-g7d393f8\codeigniter4-framework-7d393f8\spark(102): CodeIgniter\CLI\Console->run()
#11 {main}

Next CodeIgniter\Database\Exceptions\DatabaseException: Access denied for user '****'@'localhost' (using password: YES) in C:\Users\adria\Downloads\codeigniter4-framework-v4.4.6-0-g7d393f8\codeigniter4-framework-7d393f8\system\Database\MySQLi\Connection.php:229
Stack trace:
#0 C:\Users\adria\Downloads\codeigniter4-framework-v4.4.6-0-g7d393f8\codeigniter4-framework-7d393f8\system\Database\BaseConnection.php(392): CodeIgniter\Database\MySQLi\Connection->connect(false)
#1 C:\Users\adria\Downloads\codeigniter4-framework-v4.4.6-0-g7d393f8\codeigniter4-framework-7d393f8\system\Database\BaseConnection.php(575): CodeIgniter\Database\BaseConnection->initialize()
#2 C:\Users\adria\Downloads\codeigniter4-framework-v4.4.6-0-g7d393f8\codeigniter4-framework-7d393f8\system\Database\BaseConnection.php(1410): CodeIgniter\Database\BaseConnection->query('SHOW TABLES FRO...')
#3 C:\Users\adria\Downloads\codeigniter4-framework-v4.4.6-0-g7d393f8\codeigniter4-framework-7d393f8\system\Database\BaseConnection.php(1429): CodeIgniter\Database\BaseConnection->listTables()
#4 C:\Users\adria\Downloads\codeigniter4-framework-v4.4.6-0-g7d393f8\codeigniter4-framework-7d393f8\system\Database\MigrationRunner.php(757): CodeIgniter\Database\BaseConnection->tableExists('migrations')
#5 C:\Users\adria\Downloads\codeigniter4-framework-v4.4.6-0-g7d393f8\codeigniter4-framework-7d393f8\system\Database\MigrationRunner.php(161): CodeIgniter\Database\MigrationRunner->ensureTable()
#6 C:\Users\adria\Downloads\codeigniter4-framework-v4.4.6-0-g7d393f8\codeigniter4-framework-7d393f8\system\Commands\Database\Migrate.php(84): CodeIgniter\Database\MigrationRunner->latest(NULL)
#7 C:\Users\adria\Downloads\codeigniter4-framework-v4.4.6-0-g7d393f8\codeigniter4-framework-7d393f8\system\CLI\Commands.php(65): CodeIgniter\Commands\Database\Migrate->run(Array)
#8 C:\Users\adria\Downloads\codeigniter4-framework-v4.4.6-0-g7d393f8\codeigniter4-framework-7d393f8\system\CLI\Console.php(46): CodeIgniter\CLI\Commands->run('migrate', Array)
#9 C:\Users\adria\Downloads\codeigniter4-framework-v4.4.6-0-g7d393f8\codeigniter4-framework-7d393f8\spark(102): CodeIgniter\CLI\Console->run()
#10 {main}
CRITICAL - 2024-03-20 04:00:26 --> ErrorException: Undefined variable $students
in APPPATH\Views\table_mhs.php on line 21.
 1 APPPATH\Views\table_mhs.php(21): CodeIgniter\Debug\Exceptions->errorHandler(2, 'Undefined variable $students', 'C:\\Users\\adria\\Downloads\\codeigniter4-framework-v4.4.6-0-g7d393f8\\codeigniter4-framework-7d393f8\\app\\Views\\table_mhs.php', 21)
 2 SYSTEMPATH\View\View.php(228): include('C:\\Users\\adria\\Downloads\\codeigniter4-framework-v4.4.6-0-g7d393f8\\codeigniter4-framework-7d393f8\\app\\Views\\table_mhs.php')
 3 SYSTEMPATH\View\View.php(231): CodeIgniter\View\View->CodeIgniter\View\{closure}()
 4 SYSTEMPATH\Common.php(1178): CodeIgniter\View\View->render('table_mhs', [], true)
 5 APPPATH\Controllers\Mahasiswa.php(15): view('table_mhs', [...])
 6 SYSTEMPATH\CodeIgniter.php(941): App\Controllers\Mahasiswa->display()
 7 SYSTEMPATH\CodeIgniter.php(502): CodeIgniter\CodeIgniter->runController(Object(App\Controllers\Mahasiswa))
 8 SYSTEMPATH\CodeIgniter.php(361): CodeIgniter\CodeIgniter->handleRequest(null, Object(Config\Cache), false)
 9 FCPATH\index.php(79): CodeIgniter\CodeIgniter->run()
10 SYSTEMPATH\Commands\Server\rewrite.php(47): require_once('C:\\Users\\adria\\Downloads\\codeigniter4-framework-v4.4.6-0-g7d393f8\\codeigniter4-framework-7d393f8\\public\\index.php')
CRITICAL - 2024-03-20 04:01:51 --> ErrorException: Undefined array key "Nama"
in APPPATH\Views\table_mhs.php on line 24.
 1 APPPATH\Views\table_mhs.php(24): CodeIgniter\Debug\Exceptions->errorHandler(2, 'Undefined array key "Nama"', 'C:\\Users\\adria\\Downloads\\codeigniter4-framework-v4.4.6-0-g7d393f8\\codeigniter4-framework-7d393f8\\app\\Views\\table_mhs.php', 24)
 2 SYSTEMPATH\View\View.php(228): include('C:\\Users\\adria\\Downloads\\codeigniter4-framework-v4.4.6-0-g7d393f8\\codeigniter4-framework-7d393f8\\app\\Views\\table_mhs.php')
 3 SYSTEMPATH\View\View.php(231): CodeIgniter\View\View->CodeIgniter\View\{closure}()
 4 SYSTEMPATH\Common.php(1178): CodeIgniter\View\View->render('table_mhs', [], true)
 5 APPPATH\Controllers\Mahasiswa.php(15): view('table_mhs', [...])
 6 SYSTEMPATH\CodeIgniter.php(941): App\Controllers\Mahasiswa->display()
 7 SYSTEMPATH\CodeIgniter.php(502): CodeIgniter\CodeIgniter->runController(Object(App\Controllers\Mahasiswa))
 8 SYSTEMPATH\CodeIgniter.php(361): CodeIgniter\CodeIgniter->handleRequest(null, Object(Config\Cache), false)
 9 FCPATH\index.php(79): CodeIgniter\CodeIgniter->run()
10 SYSTEMPATH\Commands\Server\rewrite.php(47): require_once('C:\\Users\\adria\\Downloads\\codeigniter4-framework-v4.4.6-0-g7d393f8\\codeigniter4-framework-7d393f8\\public\\index.php')
