ERROR - 2024-04-28 12:35:14 --> mysqli_sql_exception: Table 'db_ci4model.user' doesn't exist in C:\Users\adria\Downloads\codeigniter4-framework-v4.4.6-0-g7d393f8\codeigniter4-framework-7d393f8\system\Database\MySQLi\Connection.php:306
Stack trace:
#0 C:\Users\adria\Downloads\codeigniter4-framework-v4.4.6-0-g7d393f8\codeigniter4-framework-7d393f8\system\Database\MySQLi\Connection.php(306): mysqli->query('SELECT * FROM u...', 0)
#1 C:\Users\adria\Downloads\codeigniter4-framework-v4.4.6-0-g7d393f8\codeigniter4-framework-7d393f8\system\Database\BaseConnection.php(693): CodeIgniter\Database\MySQLi\Connection->execute('SELECT * FROM u...')
#2 C:\Users\adria\Downloads\codeigniter4-framework-v4.4.6-0-g7d393f8\codeigniter4-framework-7d393f8\system\Database\BaseConnection.php(607): CodeIgniter\Database\BaseConnection->simpleQuery('SELECT * FROM u...')
#3 C:\Users\adria\Downloads\codeigniter4-framework-v4.4.6-0-g7d393f8\codeigniter4-framework-7d393f8\app\Models\UserModel.php(48): CodeIgniter\Database\BaseConnection->query('SELECT * FROM u...', Array)
#4 C:\Users\adria\Downloads\codeigniter4-framework-v4.4.6-0-g7d393f8\codeigniter4-framework-7d393f8\app\Controllers\CLogin.php(25): App\Models\UserModel->getUserAuth(Array)
#5 C:\Users\adria\Downloads\codeigniter4-framework-v4.4.6-0-g7d393f8\codeigniter4-framework-7d393f8\system\CodeIgniter.php(941): App\Controllers\CLogin->authenticate()
#6 C:\Users\adria\Downloads\codeigniter4-framework-v4.4.6-0-g7d393f8\codeigniter4-framework-7d393f8\system\CodeIgniter.php(502): CodeIgniter\CodeIgniter->runController(Object(App\Controllers\CLogin))
#7 C:\Users\adria\Downloads\codeigniter4-framework-v4.4.6-0-g7d393f8\codeigniter4-framework-7d393f8\system\CodeIgniter.php(361): CodeIgniter\CodeIgniter->handleRequest(NULL, Object(Config\Cache), false)
#8 C:\Users\adria\Downloads\codeigniter4-framework-v4.4.6-0-g7d393f8\codeigniter4-framework-7d393f8\public\index.php(79): CodeIgniter\CodeIgniter->run()
#9 C:\Users\adria\Downloads\codeigniter4-framework-v4.4.6-0-g7d393f8\codeigniter4-framework-7d393f8\system\Commands\Server\rewrite.php(47): require_once('C:\\Users\\adria\\...')
#10 {main}
CRITICAL - 2024-04-28 12:35:14 --> CodeIgniter\Database\Exceptions\DatabaseException: Table 'db_ci4model.user' doesn't exist
in SYSTEMPATH\Database\BaseConnection.php on line 647.
 1 APPPATH\Models\UserModel.php(48): CodeIgniter\Database\BaseConnection->query('SELECT * FROM user WHERE username = ? LIMIT 1', [...])
 2 APPPATH\Controllers\CLogin.php(25): App\Models\UserModel->getUserAuth([...])
 3 SYSTEMPATH\CodeIgniter.php(941): App\Controllers\CLogin->authenticate()
 4 SYSTEMPATH\CodeIgniter.php(502): CodeIgniter\CodeIgniter->runController(Object(App\Controllers\CLogin))
 5 SYSTEMPATH\CodeIgniter.php(361): CodeIgniter\CodeIgniter->handleRequest(null, Object(Config\Cache), false)
 6 FCPATH\index.php(79): CodeIgniter\CodeIgniter->run()
 7 SYSTEMPATH\Commands\Server\rewrite.php(47): require_once('C:\\Users\\adria\\Downloads\\codeigniter4-framework-v4.4.6-0-g7d393f8\\codeigniter4-framework-7d393f8\\public\\index.php')
CRITICAL - 2024-04-28 12:35:14 --> [Caused by] CodeIgniter\Database\Exceptions\DatabaseException: Table 'db_ci4model.user' doesn't exist
in SYSTEMPATH\Database\MySQLi\Connection.php on line 311.
 1 SYSTEMPATH\Database\BaseConnection.php(693): CodeIgniter\Database\MySQLi\Connection->execute('SELECT * FROM user WHERE username = \'admin\' LIMIT 1')
 2 SYSTEMPATH\Database\BaseConnection.php(607): CodeIgniter\Database\BaseConnection->simpleQuery('SELECT * FROM user WHERE username = \'admin\' LIMIT 1')
 3 APPPATH\Models\UserModel.php(48): CodeIgniter\Database\BaseConnection->query('SELECT * FROM user WHERE username = ? LIMIT 1', [...])
 4 APPPATH\Controllers\CLogin.php(25): App\Models\UserModel->getUserAuth([...])
 5 SYSTEMPATH\CodeIgniter.php(941): App\Controllers\CLogin->authenticate()
 6 SYSTEMPATH\CodeIgniter.php(502): CodeIgniter\CodeIgniter->runController(Object(App\Controllers\CLogin))
 7 SYSTEMPATH\CodeIgniter.php(361): CodeIgniter\CodeIgniter->handleRequest(null, Object(Config\Cache), false)
 8 FCPATH\index.php(79): CodeIgniter\CodeIgniter->run()
 9 SYSTEMPATH\Commands\Server\rewrite.php(47): require_once('C:\\Users\\adria\\Downloads\\codeigniter4-framework-v4.4.6-0-g7d393f8\\codeigniter4-framework-7d393f8\\public\\index.php')
CRITICAL - 2024-04-28 12:35:14 --> [Caused by] mysqli_sql_exception: Table 'db_ci4model.user' doesn't exist
in SYSTEMPATH\Database\MySQLi\Connection.php on line 306.
 1 SYSTEMPATH\Database\MySQLi\Connection.php(306): mysqli->query('SELECT * FROM user WHERE username = \'admin\' LIMIT 1', 0)
 2 SYSTEMPATH\Database\BaseConnection.php(693): CodeIgniter\Database\MySQLi\Connection->execute('SELECT * FROM user WHERE username = \'admin\' LIMIT 1')
 3 SYSTEMPATH\Database\BaseConnection.php(607): CodeIgniter\Database\BaseConnection->simpleQuery('SELECT * FROM user WHERE username = \'admin\' LIMIT 1')
 4 APPPATH\Models\UserModel.php(48): CodeIgniter\Database\BaseConnection->query('SELECT * FROM user WHERE username = ? LIMIT 1', [...])
 5 APPPATH\Controllers\CLogin.php(25): App\Models\UserModel->getUserAuth([...])
 6 SYSTEMPATH\CodeIgniter.php(941): App\Controllers\CLogin->authenticate()
 7 SYSTEMPATH\CodeIgniter.php(502): CodeIgniter\CodeIgniter->runController(Object(App\Controllers\CLogin))
 8 SYSTEMPATH\CodeIgniter.php(361): CodeIgniter\CodeIgniter->handleRequest(null, Object(Config\Cache), false)
 9 FCPATH\index.php(79): CodeIgniter\CodeIgniter->run()
10 SYSTEMPATH\Commands\Server\rewrite.php(47): require_once('C:\\Users\\adria\\Downloads\\codeigniter4-framework-v4.4.6-0-g7d393f8\\codeigniter4-framework-7d393f8\\public\\index.php')
CRITICAL - 2024-04-28 12:42:56 --> CodeIgniter\Filters\Exceptions\FilterException: "LoginFilter" filter must have a matching alias defined.
in SYSTEMPATH\Filters\Filters.php on line 352.
 1 SYSTEMPATH\Filters\Filters.php(352): CodeIgniter\Filters\Exceptions\FilterException::forNoAlias('LoginFilter')
 2 SYSTEMPATH\CodeIgniter.php(467): CodeIgniter\Filters\Filters->enableFilter('LoginFilter', 'before')
 3 SYSTEMPATH\CodeIgniter.php(361): CodeIgniter\CodeIgniter->handleRequest(null, Object(Config\Cache), false)
 4 FCPATH\index.php(79): CodeIgniter\CodeIgniter->run()
 5 SYSTEMPATH\Commands\Server\rewrite.php(47): require_once('C:\\Users\\adria\\Downloads\\codeigniter4-framework-v4.4.6-0-g7d393f8\\codeigniter4-framework-7d393f8\\public\\index.php')
CRITICAL - 2024-04-28 12:43:20 --> CodeIgniter\Filters\Exceptions\FilterException: "LoginFilter" filter must have a matching alias defined.
in SYSTEMPATH\Filters\Filters.php on line 352.
 1 SYSTEMPATH\Filters\Filters.php(352): CodeIgniter\Filters\Exceptions\FilterException::forNoAlias('LoginFilter')
 2 SYSTEMPATH\CodeIgniter.php(467): CodeIgniter\Filters\Filters->enableFilter('LoginFilter', 'before')
 3 SYSTEMPATH\CodeIgniter.php(361): CodeIgniter\CodeIgniter->handleRequest(null, Object(Config\Cache), false)
 4 FCPATH\index.php(79): CodeIgniter\CodeIgniter->run()
 5 SYSTEMPATH\Commands\Server\rewrite.php(47): require_once('C:\\Users\\adria\\Downloads\\codeigniter4-framework-v4.4.6-0-g7d393f8\\codeigniter4-framework-7d393f8\\public\\index.php')
CRITICAL - 2024-04-28 12:43:22 --> CodeIgniter\Filters\Exceptions\FilterException: "LoginFilter" filter must have a matching alias defined.
in SYSTEMPATH\Filters\Filters.php on line 352.
 1 SYSTEMPATH\Filters\Filters.php(352): CodeIgniter\Filters\Exceptions\FilterException::forNoAlias('LoginFilter')
 2 SYSTEMPATH\CodeIgniter.php(467): CodeIgniter\Filters\Filters->enableFilter('LoginFilter', 'before')
 3 SYSTEMPATH\CodeIgniter.php(361): CodeIgniter\CodeIgniter->handleRequest(null, Object(Config\Cache), false)
 4 FCPATH\index.php(79): CodeIgniter\CodeIgniter->run()
 5 SYSTEMPATH\Commands\Server\rewrite.php(47): require_once('C:\\Users\\adria\\Downloads\\codeigniter4-framework-v4.4.6-0-g7d393f8\\codeigniter4-framework-7d393f8\\public\\index.php')
