ERROR - 2024-04-21 13:55:46 --> Error connecting to the database: mysqli_sql_exception: No connection could be made because the target machine actively refused it in C:\Users\adria\Downloads\codeigniter4-framework-v4.4.6-0-g7d393f8\codeigniter4-framework-7d393f8\system\Database\MySQLi\Connection.php:184
Stack trace:
#0 C:\Users\adria\Downloads\codeigniter4-framework-v4.4.6-0-g7d393f8\codeigniter4-framework-7d393f8\system\Database\MySQLi\Connection.php(184): mysqli->real_connect('localhost', 'root', Object(SensitiveParameterValue), 'db_ci4model', 3306, '', 0)
#1 C:\Users\adria\Downloads\codeigniter4-framework-v4.4.6-0-g7d393f8\codeigniter4-framework-7d393f8\system\Database\BaseConnection.php(392): CodeIgniter\Database\MySQLi\Connection->connect(false)
#2 C:\Users\adria\Downloads\codeigniter4-framework-v4.4.6-0-g7d393f8\codeigniter4-framework-7d393f8\system\Database\BaseConnection.php(575): CodeIgniter\Database\BaseConnection->initialize()
#3 C:\Users\adria\Downloads\codeigniter4-framework-v4.4.6-0-g7d393f8\codeigniter4-framework-7d393f8\system\Database\BaseConnection.php(1410): CodeIgniter\Database\BaseConnection->query('SHOW TABLES FRO...')
#4 C:\Users\adria\Downloads\codeigniter4-framework-v4.4.6-0-g7d393f8\codeigniter4-framework-7d393f8\system\Database\BaseConnection.php(1429): CodeIgniter\Database\BaseConnection->listTables()
#5 C:\Users\adria\Downloads\codeigniter4-framework-v4.4.6-0-g7d393f8\codeigniter4-framework-7d393f8\system\Database\MigrationRunner.php(757): CodeIgniter\Database\BaseConnection->tableExists('migrations')
#6 C:\Users\adria\Downloads\codeigniter4-framework-v4.4.6-0-g7d393f8\codeigniter4-framework-7d393f8\system\Database\MigrationRunner.php(230): CodeIgniter\Database\MigrationRunner->ensureTable()
#7 C:\Users\adria\Downloads\codeigniter4-framework-v4.4.6-0-g7d393f8\codeigniter4-framework-7d393f8\system\Commands\Database\MigrateRollback.php(86): CodeIgniter\Database\MigrationRunner->regress(0)
#8 C:\Users\adria\Downloads\codeigniter4-framework-v4.4.6-0-g7d393f8\codeigniter4-framework-7d393f8\system\CLI\Commands.php(65): CodeIgniter\Commands\Database\MigrateRollback->run(Array)
#9 C:\Users\adria\Downloads\codeigniter4-framework-v4.4.6-0-g7d393f8\codeigniter4-framework-7d393f8\system\CLI\BaseCommand.php(115): CodeIgniter\CLI\Commands->run('migrate:rollbac...', Array)
#10 C:\Users\adria\Downloads\codeigniter4-framework-v4.4.6-0-g7d393f8\codeigniter4-framework-7d393f8\system\Commands\Database\MigrateRefresh.php(84): CodeIgniter\CLI\BaseCommand->call('migrate:rollbac...', Array)
#11 C:\Users\adria\Downloads\codeigniter4-framework-v4.4.6-0-g7d393f8\codeigniter4-framework-7d393f8\system\CLI\Commands.php(65): CodeIgniter\Commands\Database\MigrateRefresh->run(Array)
#12 C:\Users\adria\Downloads\codeigniter4-framework-v4.4.6-0-g7d393f8\codeigniter4-framework-7d393f8\system\CLI\Console.php(46): CodeIgniter\CLI\Commands->run('migrate:refresh', Array)
#13 C:\Users\adria\Downloads\codeigniter4-framework-v4.4.6-0-g7d393f8\codeigniter4-framework-7d393f8\spark(102): CodeIgniter\CLI\Console->run()
#14 {main}

Next CodeIgniter\Database\Exceptions\DatabaseException: No connection could be made because the target machine actively refused it in C:\Users\adria\Downloads\codeigniter4-framework-v4.4.6-0-g7d393f8\codeigniter4-framework-7d393f8\system\Database\MySQLi\Connection.php:229
Stack trace:
#0 C:\Users\adria\Downloads\codeigniter4-framework-v4.4.6-0-g7d393f8\codeigniter4-framework-7d393f8\system\Database\BaseConnection.php(392): CodeIgniter\Database\MySQLi\Connection->connect(false)
#1 C:\Users\adria\Downloads\codeigniter4-framework-v4.4.6-0-g7d393f8\codeigniter4-framework-7d393f8\system\Database\BaseConnection.php(575): CodeIgniter\Database\BaseConnection->initialize()
#2 C:\Users\adria\Downloads\codeigniter4-framework-v4.4.6-0-g7d393f8\codeigniter4-framework-7d393f8\system\Database\BaseConnection.php(1410): CodeIgniter\Database\BaseConnection->query('SHOW TABLES FRO...')
#3 C:\Users\adria\Downloads\codeigniter4-framework-v4.4.6-0-g7d393f8\codeigniter4-framework-7d393f8\system\Database\BaseConnection.php(1429): CodeIgniter\Database\BaseConnection->listTables()
#4 C:\Users\adria\Downloads\codeigniter4-framework-v4.4.6-0-g7d393f8\codeigniter4-framework-7d393f8\system\Database\MigrationRunner.php(757): CodeIgniter\Database\BaseConnection->tableExists('migrations')
#5 C:\Users\adria\Downloads\codeigniter4-framework-v4.4.6-0-g7d393f8\codeigniter4-framework-7d393f8\system\Database\MigrationRunner.php(230): CodeIgniter\Database\MigrationRunner->ensureTable()
#6 C:\Users\adria\Downloads\codeigniter4-framework-v4.4.6-0-g7d393f8\codeigniter4-framework-7d393f8\system\Commands\Database\MigrateRollback.php(86): CodeIgniter\Database\MigrationRunner->regress(0)
#7 C:\Users\adria\Downloads\codeigniter4-framework-v4.4.6-0-g7d393f8\codeigniter4-framework-7d393f8\system\CLI\Commands.php(65): CodeIgniter\Commands\Database\MigrateRollback->run(Array)
#8 C:\Users\adria\Downloads\codeigniter4-framework-v4.4.6-0-g7d393f8\codeigniter4-framework-7d393f8\system\CLI\BaseCommand.php(115): CodeIgniter\CLI\Commands->run('migrate:rollbac...', Array)
#9 C:\Users\adria\Downloads\codeigniter4-framework-v4.4.6-0-g7d393f8\codeigniter4-framework-7d393f8\system\Commands\Database\MigrateRefresh.php(84): CodeIgniter\CLI\BaseCommand->call('migrate:rollbac...', Array)
#10 C:\Users\adria\Downloads\codeigniter4-framework-v4.4.6-0-g7d393f8\codeigniter4-framework-7d393f8\system\CLI\Commands.php(65): CodeIgniter\Commands\Database\MigrateRefresh->run(Array)
#11 C:\Users\adria\Downloads\codeigniter4-framework-v4.4.6-0-g7d393f8\codeigniter4-framework-7d393f8\system\CLI\Console.php(46): CodeIgniter\CLI\Commands->run('migrate:refresh', Array)
#12 C:\Users\adria\Downloads\codeigniter4-framework-v4.4.6-0-g7d393f8\codeigniter4-framework-7d393f8\spark(102): CodeIgniter\CLI\Console->run()
#13 {main}
ERROR - 2024-04-21 13:55:50 --> Error connecting to the database: mysqli_sql_exception: No connection could be made because the target machine actively refused it in C:\Users\adria\Downloads\codeigniter4-framework-v4.4.6-0-g7d393f8\codeigniter4-framework-7d393f8\system\Database\MySQLi\Connection.php:184
Stack trace:
#0 C:\Users\adria\Downloads\codeigniter4-framework-v4.4.6-0-g7d393f8\codeigniter4-framework-7d393f8\system\Database\MySQLi\Connection.php(184): mysqli->real_connect('localhost', 'root', Object(SensitiveParameterValue), 'db_ci4model', 3306, '', 0)
#1 C:\Users\adria\Downloads\codeigniter4-framework-v4.4.6-0-g7d393f8\codeigniter4-framework-7d393f8\system\Database\BaseConnection.php(392): CodeIgniter\Database\MySQLi\Connection->connect(false)
#2 C:\Users\adria\Downloads\codeigniter4-framework-v4.4.6-0-g7d393f8\codeigniter4-framework-7d393f8\system\Database\BaseConnection.php(575): CodeIgniter\Database\BaseConnection->initialize()
#3 C:\Users\adria\Downloads\codeigniter4-framework-v4.4.6-0-g7d393f8\codeigniter4-framework-7d393f8\system\Database\BaseConnection.php(1410): CodeIgniter\Database\BaseConnection->query('SHOW TABLES FRO...')
#4 C:\Users\adria\Downloads\codeigniter4-framework-v4.4.6-0-g7d393f8\codeigniter4-framework-7d393f8\system\Database\BaseConnection.php(1429): CodeIgniter\Database\BaseConnection->listTables()
#5 C:\Users\adria\Downloads\codeigniter4-framework-v4.4.6-0-g7d393f8\codeigniter4-framework-7d393f8\system\Database\MigrationRunner.php(757): CodeIgniter\Database\BaseConnection->tableExists('migrations')
#6 C:\Users\adria\Downloads\codeigniter4-framework-v4.4.6-0-g7d393f8\codeigniter4-framework-7d393f8\system\Database\MigrationRunner.php(161): CodeIgniter\Database\MigrationRunner->ensureTable()
#7 C:\Users\adria\Downloads\codeigniter4-framework-v4.4.6-0-g7d393f8\codeigniter4-framework-7d393f8\system\Commands\Database\Migrate.php(84): CodeIgniter\Database\MigrationRunner->latest(NULL)
#8 C:\Users\adria\Downloads\codeigniter4-framework-v4.4.6-0-g7d393f8\codeigniter4-framework-7d393f8\system\CLI\Commands.php(65): CodeIgniter\Commands\Database\Migrate->run(Array)
#9 C:\Users\adria\Downloads\codeigniter4-framework-v4.4.6-0-g7d393f8\codeigniter4-framework-7d393f8\system\CLI\BaseCommand.php(115): CodeIgniter\CLI\Commands->run('migrate', Array)
#10 C:\Users\adria\Downloads\codeigniter4-framework-v4.4.6-0-g7d393f8\codeigniter4-framework-7d393f8\system\Commands\Database\MigrateRefresh.php(85): CodeIgniter\CLI\BaseCommand->call('migrate', Array)
#11 C:\Users\adria\Downloads\codeigniter4-framework-v4.4.6-0-g7d393f8\codeigniter4-framework-7d393f8\system\CLI\Commands.php(65): CodeIgniter\Commands\Database\MigrateRefresh->run(Array)
#12 C:\Users\adria\Downloads\codeigniter4-framework-v4.4.6-0-g7d393f8\codeigniter4-framework-7d393f8\system\CLI\Console.php(46): CodeIgniter\CLI\Commands->run('migrate:refresh', Array)
#13 C:\Users\adria\Downloads\codeigniter4-framework-v4.4.6-0-g7d393f8\codeigniter4-framework-7d393f8\spark(102): CodeIgniter\CLI\Console->run()
#14 {main}

Next CodeIgniter\Database\Exceptions\DatabaseException: No connection could be made because the target machine actively refused it in C:\Users\adria\Downloads\codeigniter4-framework-v4.4.6-0-g7d393f8\codeigniter4-framework-7d393f8\system\Database\MySQLi\Connection.php:229
Stack trace:
#0 C:\Users\adria\Downloads\codeigniter4-framework-v4.4.6-0-g7d393f8\codeigniter4-framework-7d393f8\system\Database\BaseConnection.php(392): CodeIgniter\Database\MySQLi\Connection->connect(false)
#1 C:\Users\adria\Downloads\codeigniter4-framework-v4.4.6-0-g7d393f8\codeigniter4-framework-7d393f8\system\Database\BaseConnection.php(575): CodeIgniter\Database\BaseConnection->initialize()
#2 C:\Users\adria\Downloads\codeigniter4-framework-v4.4.6-0-g7d393f8\codeigniter4-framework-7d393f8\system\Database\BaseConnection.php(1410): CodeIgniter\Database\BaseConnection->query('SHOW TABLES FRO...')
#3 C:\Users\adria\Downloads\codeigniter4-framework-v4.4.6-0-g7d393f8\codeigniter4-framework-7d393f8\system\Database\BaseConnection.php(1429): CodeIgniter\Database\BaseConnection->listTables()
#4 C:\Users\adria\Downloads\codeigniter4-framework-v4.4.6-0-g7d393f8\codeigniter4-framework-7d393f8\system\Database\MigrationRunner.php(757): CodeIgniter\Database\BaseConnection->tableExists('migrations')
#5 C:\Users\adria\Downloads\codeigniter4-framework-v4.4.6-0-g7d393f8\codeigniter4-framework-7d393f8\system\Database\MigrationRunner.php(161): CodeIgniter\Database\MigrationRunner->ensureTable()
#6 C:\Users\adria\Downloads\codeigniter4-framework-v4.4.6-0-g7d393f8\codeigniter4-framework-7d393f8\system\Commands\Database\Migrate.php(84): CodeIgniter\Database\MigrationRunner->latest(NULL)
#7 C:\Users\adria\Downloads\codeigniter4-framework-v4.4.6-0-g7d393f8\codeigniter4-framework-7d393f8\system\CLI\Commands.php(65): CodeIgniter\Commands\Database\Migrate->run(Array)
#8 C:\Users\adria\Downloads\codeigniter4-framework-v4.4.6-0-g7d393f8\codeigniter4-framework-7d393f8\system\CLI\BaseCommand.php(115): CodeIgniter\CLI\Commands->run('migrate', Array)
#9 C:\Users\adria\Downloads\codeigniter4-framework-v4.4.6-0-g7d393f8\codeigniter4-framework-7d393f8\system\Commands\Database\MigrateRefresh.php(85): CodeIgniter\CLI\BaseCommand->call('migrate', Array)
#10 C:\Users\adria\Downloads\codeigniter4-framework-v4.4.6-0-g7d393f8\codeigniter4-framework-7d393f8\system\CLI\Commands.php(65): CodeIgniter\Commands\Database\MigrateRefresh->run(Array)
#11 C:\Users\adria\Downloads\codeigniter4-framework-v4.4.6-0-g7d393f8\codeigniter4-framework-7d393f8\system\CLI\Console.php(46): CodeIgniter\CLI\Commands->run('migrate:refresh', Array)
#12 C:\Users\adria\Downloads\codeigniter4-framework-v4.4.6-0-g7d393f8\codeigniter4-framework-7d393f8\spark(102): CodeIgniter\CLI\Console->run()
#13 {main}
CRITICAL - 2024-04-21 14:17:42 --> ErrorException: Undefined array key "nama"
in APPPATH\Views\v_detail_brg.php on line 5.
 1 APPPATH\Views\v_detail_brg.php(5): CodeIgniter\Debug\Exceptions->errorHandler(2, 'Undefined array key "nama"', 'C:\\Users\\adria\\Downloads\\codeigniter4-framework-v4.4.6-0-g7d393f8\\codeigniter4-framework-7d393f8\\app\\Views\\v_detail_brg.php', 5)
 2 SYSTEMPATH\View\View.php(228): include('C:\\Users\\adria\\Downloads\\codeigniter4-framework-v4.4.6-0-g7d393f8\\codeigniter4-framework-7d393f8\\app\\Views\\v_detail_brg.php')
 3 SYSTEMPATH\View\View.php(231): CodeIgniter\View\View->CodeIgniter\View\{closure}()
 4 SYSTEMPATH\Common.php(1178): CodeIgniter\View\View->render('v_detail_brg', [], true)
 5 APPPATH\Controllers\CBarang.php(32): view('v_detail_brg', [...])
 6 SYSTEMPATH\CodeIgniter.php(941): App\Controllers\CBarang->detail('B001')
 7 SYSTEMPATH\CodeIgniter.php(502): CodeIgniter\CodeIgniter->runController(Object(App\Controllers\CBarang))
 8 SYSTEMPATH\CodeIgniter.php(361): CodeIgniter\CodeIgniter->handleRequest(null, Object(Config\Cache), false)
 9 FCPATH\index.php(79): CodeIgniter\CodeIgniter->run()
10 SYSTEMPATH\Commands\Server\rewrite.php(47): require_once('C:\\Users\\adria\\Downloads\\codeigniter4-framework-v4.4.6-0-g7d393f8\\codeigniter4-framework-7d393f8\\public\\index.php')
